{"level":"error","message":"we have got an uncaught exception"}
{"level":"error","message":"we have got an uncaught exception"}
{"level":"error","message":"we have got an uncaught exception"}
{"level":"error","message":"we have got an uncaught exception"}
{"level":"error","message":"we have got an uncaught exception"}
{"level":"error","message":"we have got an uncaught exception"}
{"level":"error","message":"we have got an uncaught exception"}
{"level":"error","message":"we have got an uncaught exception"}
{"level":"error","message":"we have got an uncaught exception"}
{"level":"error","message":"we have got an uncaught exception"}
{"level":"error","message":"we have got an uncaught exception"}
{"level":"error","message":"we have got an uncaught exception"}
{"level":"error","message":"we have got an uncaught exception"}
{"level":"error","message":"we have got an uncaught exception"}
{"level":"error","message":"we have got an uncaught exception"}
{"level":"error","message":"we have got an uncaught exception"}
{"level":"error","message":"we have got an uncaught exception"}
{"level":"error","message":"we have got an uncaught exception"}
{"level":"error","message":"we have got an uncaught exception"}
{"level":"error","message":"we have got an uncaught exception"}
{"level":"error","message":"we have got an uncaught exception"}
{"level":"error","message":"we have got an uncaught exception"}
{"level":"error","message":"we have got an uncaught exception"}
{"level":"error","message":"we have got an uncaught exception"}
{"level":"error","message":"we have got an uncaught exception"}
{"level":"error","message":"Cannot read properties of undefined (reading 'isAdmin')"}
{"level":"error","message":"Cannot read properties of undefined (reading 'isAdmin')"}
{"level":"error","message":"Cannot read properties of undefined (reading 'isAdmin')"}
{"level":"error","message":"we have got an uncaught exception"}
{"level":"error","message":"we have got an uncaught exception"}
{"level":"error","message":"we have got an uncaught exception"}
{"level":"error","message":"we have got an uncaught exception"}
{"level":"error","message":"we have got an uncaught exception"}
{"level":"error","message":"we have got an uncaught exception"}
{"level":"error","message":"movie validation failed: numberInStock: Path `numberInStock` (0) is less than minimum allowed value (1)."}
{"level":"error","message":"movie validation failed: numberInStock: Path `numberInStock` (0) is less than minimum allowed value (1)."}
{"level":"error","message":"Cast to ObjectId failed for value \"safttaxf\" (type string) at path \"_id\" for model \"genre\""}
{"level":"error","message":"Cast to ObjectId failed for value \"safttaxf\" (type string) at path \"_id\" for model \"genre\""}
{"level":"error","message":"Cast to ObjectId failed for value \"safttaxf\" (type string) at path \"_id\" for model \"genre\""}
{"level":"error","message":"Cast to ObjectId failed for value \"safttaxf\" (type string) at path \"_id\" for model \"genre\""}
{"level":"error","message":"Cast to ObjectId failed for value \"ffft\" (type string) at path \"_id\" for model \"genre\""}
{"level":"error","message":"Cast to ObjectId failed for value \"ffft\" (type string) at path \"_id\" for model \"genre\""}
{"level":"error","message":"Cast to ObjectId failed for value \"genre._id\" (type string) at path \"_id\" for model \"genre\""}
{"level":"error","message":"Cast to ObjectId failed for value \"genre._id\" (type string) at path \"_id\" for model \"genre\""}
{"level":"error","message":"Cast to ObjectId failed for value \"genre._id\" (type string) at path \"_id\" for model \"genre\""}
{"level":"error","message":"Cast to ObjectId failed for value \"genre._id\" (type string) at path \"_id\" for model \"genre\""}
{"level":"error","message":"Cast to ObjectId failed for value \"genre._id\" (type string) at path \"_id\" for model \"genre\""}
{"level":"error","message":"Cast to ObjectId failed for value \"genre._id\" (type string) at path \"_id\" for model \"genre\""}
{"level":"error","message":"Cast to ObjectId failed for value \"genre._id\" (type string) at path \"_id\" for model \"genre\""}
{"level":"error","message":"Cast to ObjectId failed for value \"genre._id\" (type string) at path \"_id\" for model \"genre\""}
{"level":"error","message":"Cannot set headers after they are sent to the client"}
{"level":"error","message":"Cannot set headers after they are sent to the client"}
{"level":"error","message":"Cannot set headers after they are sent to the client"}
{"level":"error","message":"Cannot set headers after they are sent to the client"}
{"level":"error","message":"Cannot set headers after they are sent to the client"}
{"level":"error","message":"Cannot set headers after they are sent to the client"}
{"level":"error","message":"Cannot set headers after they are sent to the client"}
{"level":"error","message":"Cannot set headers after they are sent to the client"}
{"level":"error","message":"Cannot set headers after they are sent to the client"}
{"level":"error","message":"Cannot set headers after they are sent to the client"}
{"level":"error","message":"Cannot set headers after they are sent to the client"}
{"level":"error","message":"Cannot set headers after they are sent to the client"}
{"level":"error","message":"Cannot set headers after they are sent to the client"}
{"level":"error","message":"Cannot set headers after they are sent to the client"}
{"level":"error","message":"Cannot set headers after they are sent to the client"}
{"level":"error","message":"Cannot set headers after they are sent to the client"}
{"level":"error","message":"Cannot set headers after they are sent to the client"}
{"level":"error","message":"Cannot set headers after they are sent to the client"}
{"level":"error","message":"Cannot set headers after they are sent to the client"}
{"level":"error","message":"Cannot set headers after they are sent to the client"}
{"level":"error","message":"Cannot set headers after they are sent to the client"}
{"level":"error","message":"Cannot set headers after they are sent to the client"}
{"level":"error","message":"Cannot set headers after they are sent to the client"}
{"level":"error","message":"Cannot set headers after they are sent to the client"}
{"level":"error","message":"Cannot set headers after they are sent to the client"}
{"level":"error","message":"Cannot set headers after they are sent to the client"}
{"level":"error","message":"Cannot set headers after they are sent to the client"}
{"level":"error","message":"Cannot set headers after they are sent to the client"}
{"level":"error","message":"Cannot set headers after they are sent to the client"}
{"level":"error","message":"Cannot set headers after they are sent to the client"}
{"level":"error","message":"Cannot set headers after they are sent to the client"}
{"level":"error","message":"Cannot set headers after they are sent to the client"}
{"level":"error","message":"Cannot set headers after they are sent to the client"}
{"level":"error","message":"Cannot set headers after they are sent to the client"}
{"level":"error","message":"Cannot set headers after they are sent to the client"}
{"level":"error","message":"Cannot set headers after they are sent to the client"}
{"level":"error","message":"Cannot set headers after they are sent to the client"}
{"level":"error","message":"Cannot set headers after they are sent to the client"}
{"level":"error","message":"Cannot set headers after they are sent to the client"}
{"level":"error","message":"Cannot set headers after they are sent to the client"}
{"level":"error","message":"Cannot set headers after they are sent to the client"}
{"level":"error","message":"Cannot set headers after they are sent to the client"}
{"level":"error","message":"Cannot set headers after they are sent to the client"}
{"level":"error","message":"Cannot set headers after they are sent to the client"}
{"level":"error","message":"Cannot set headers after they are sent to the client"}
{"level":"error","message":"Cannot set headers after they are sent to the client"}
{"level":"error","message":"Cannot set headers after they are sent to the client"}
{"level":"error","message":"Cannot set headers after they are sent to the client"}
{"level":"error","message":"Cannot set headers after they are sent to the client"}
{"level":"error","message":"Cannot set headers after they are sent to the client"}
{"level":"error","message":"Cannot set headers after they are sent to the client"}
{"level":"error","message":"Cannot set headers after they are sent to the client"}
{"level":"error","message":"Cannot set headers after they are sent to the client"}
{"level":"error","message":"Cannot set headers after they are sent to the client"}
{"level":"error","message":"Cannot set headers after they are sent to the client"}
{"level":"error","message":"Cannot set headers after they are sent to the client"}
{"level":"error","message":"Cannot set headers after they are sent to the client"}
{"level":"error","message":"Cannot set headers after they are sent to the client"}
{"level":"error","message":"Cannot set headers after they are sent to the client"}
{"level":"error","message":"Cannot set headers after they are sent to the client"}
{"level":"error","message":"Cannot set headers after they are sent to the client"}
{"level":"error","message":"Cannot set headers after they are sent to the client"}
{"level":"error","message":"Cannot set headers after they are sent to the client"}
{"level":"error","message":"Cannot set headers after they are sent to the client"}
{"level":"error","message":"Cannot set headers after they are sent to the client"}
{"level":"error","message":"Cannot set headers after they are sent to the client"}
{"level":"error","message":"Cannot set headers after they are sent to the client"}
{"level":"error","message":"Cannot set headers after they are sent to the client"}
{"level":"error","message":"Cannot set headers after they are sent to the client"}
{"level":"error","message":"Cannot set headers after they are sent to the client"}
{"level":"error","message":"Cannot set headers after they are sent to the client"}
{"level":"error","message":"Cannot set headers after they are sent to the client"}
{"level":"error","message":"Cannot set headers after they are sent to the client"}
{"level":"error","message":"Cannot set headers after they are sent to the client"}
{"level":"error","message":"Cannot set headers after they are sent to the client"}
{"level":"error","message":"Cannot set headers after they are sent to the client"}
{"level":"error","message":"Cannot set headers after they are sent to the client"}
{"level":"error","message":"Cannot set headers after they are sent to the client"}
{"level":"error","message":"Cannot set headers after they are sent to the client"}
{"level":"error","message":"Cannot set headers after they are sent to the client"}
{"level":"error","message":"Cannot set headers after they are sent to the client"}
{"level":"error","message":"Cannot set headers after they are sent to the client"}
{"level":"error","message":"Cannot set headers after they are sent to the client"}
{"level":"error","message":"Cannot set headers after they are sent to the client"}
{"level":"error","message":"Cannot set headers after they are sent to the client"}
{"level":"error","message":"Cannot set headers after they are sent to the client"}
{"level":"error","message":"Cannot set headers after they are sent to the client"}
{"level":"error","message":"Cannot set headers after they are sent to the client"}
{"level":"error","message":"Cannot set headers after they are sent to the client"}
{"level":"error","message":"Cannot set headers after they are sent to the client"}
{"level":"error","message":"Cannot set headers after they are sent to the client"}
{"level":"error","message":"Cannot set headers after they are sent to the client"}
{"level":"error","message":"Cannot set headers after they are sent to the client"}
{"level":"error","message":"Cannot set headers after they are sent to the client"}
{"level":"error","message":"Cannot set headers after they are sent to the client"}
{"level":"error","message":"Cannot set headers after they are sent to the client"}
{"level":"error","message":"Cannot set headers after they are sent to the client"}
{"level":"error","message":"Cannot set headers after they are sent to the client"}
{"level":"error","message":"Cannot set headers after they are sent to the client"}
{"level":"error","message":"Cannot set headers after they are sent to the client"}
{"level":"error","message":"Cannot set headers after they are sent to the client"}
{"level":"error","message":"Cannot set headers after they are sent to the client"}
{"level":"error","message":"Cannot set headers after they are sent to the client"}
{"level":"error","message":"Cannot set headers after they are sent to the client"}
{"level":"error","message":"Cannot set headers after they are sent to the client"}
{"level":"error","message":"Cannot set headers after they are sent to the client"}
{"level":"error","message":"Cannot set headers after they are sent to the client"}
{"level":"error","message":"Cannot set headers after they are sent to the client"}
{"level":"error","message":"Cannot set headers after they are sent to the client"}
{"level":"error","message":"Cannot set headers after they are sent to the client"}
{"level":"error","message":"Cannot set headers after they are sent to the client"}
{"level":"error","message":"Cannot set headers after they are sent to the client"}
{"level":"error","message":"Cannot set headers after they are sent to the client"}
{"level":"error","message":"Cannot set headers after they are sent to the client"}
{"level":"error","message":"Cannot set headers after they are sent to the client"}
{"level":"error","message":"Cannot set headers after they are sent to the client"}
{"level":"error","message":"Cannot set headers after they are sent to the client"}
{"level":"error","message":"Cannot set headers after they are sent to the client"}
{"level":"error","message":"Cannot set headers after they are sent to the client"}
{"level":"error","message":"Cannot set headers after they are sent to the client"}
{"level":"error","message":"Cannot set headers after they are sent to the client"}
{"level":"error","message":"Cannot set headers after they are sent to the client"}
{"level":"error","message":"Cannot set headers after they are sent to the client"}
{"level":"error","message":"Cannot set headers after they are sent to the client"}
{"level":"error","message":"Cannot set headers after they are sent to the client"}
{"level":"error","message":"Cannot set headers after they are sent to the client"}
{"level":"error","message":"Cannot set headers after they are sent to the client"}
{"level":"error","message":"Cannot set headers after they are sent to the client"}
{"level":"error","message":"Cannot set headers after they are sent to the client"}
{"level":"error","message":"Cannot set headers after they are sent to the client"}
{"level":"error","message":"Cannot set headers after they are sent to the client"}
{"level":"error","message":"Cannot set headers after they are sent to the client"}
{"level":"error","message":"Cannot set headers after they are sent to the client"}
{"level":"error","message":"Cannot set headers after they are sent to the client"}
{"level":"error","message":"Cannot set headers after they are sent to the client"}
{"level":"error","message":"Cannot set headers after they are sent to the client"}
{"level":"error","message":"Cannot set headers after they are sent to the client"}
{"level":"error","message":"Cannot set headers after they are sent to the client"}
{"level":"error","message":"Cannot set headers after they are sent to the client"}
{"level":"error","message":"Cannot set headers after they are sent to the client"}
{"level":"error","message":"Cannot set headers after they are sent to the client"}
{"level":"error","message":"Cannot set headers after they are sent to the client"}
{"level":"error","message":"Cannot set headers after they are sent to the client"}
{"level":"error","message":"Cannot set headers after they are sent to the client"}
{"level":"error","message":"Cannot set headers after they are sent to the client"}
{"level":"error","message":"Cannot set headers after they are sent to the client"}
{"level":"error","message":"Cannot set headers after they are sent to the client"}
{"level":"error","message":"Cannot set headers after they are sent to the client"}
{"level":"error","message":"Cannot set headers after they are sent to the client"}
{"level":"error","message":"Cannot set headers after they are sent to the client"}
{"level":"error","message":"Cannot set headers after they are sent to the client"}
{"level":"error","message":"Cannot set headers after they are sent to the client"}
{"level":"error","message":"Cannot set headers after they are sent to the client"}
{"level":"error","message":"Cannot set headers after they are sent to the client"}
{"level":"error","message":"Cannot set headers after they are sent to the client"}
{"level":"error","message":"Cannot set headers after they are sent to the client"}
{"level":"error","message":"Cannot set headers after they are sent to the client"}
{"level":"error","message":"Cannot set headers after they are sent to the client"}
{"level":"error","message":"Cannot set headers after they are sent to the client"}
{"level":"error","message":"Cannot set headers after they are sent to the client"}
{"level":"error","message":"Cannot set headers after they are sent to the client"}
{"level":"error","message":"Cannot set headers after they are sent to the client"}
{"level":"error","message":"Cannot set headers after they are sent to the client"}
{"level":"error","message":"Cannot set headers after they are sent to the client"}
{"level":"error","message":"Cannot set headers after they are sent to the client"}
{"level":"error","message":"Cannot set headers after they are sent to the client"}
{"level":"error","message":"Cannot set headers after they are sent to the client"}
{"level":"error","message":"Cannot set headers after they are sent to the client"}
{"level":"error","message":"Cannot set headers after they are sent to the client"}
{"level":"error","message":"Cannot set headers after they are sent to the client"}
{"level":"error","message":"Cannot set headers after they are sent to the client"}
{"level":"error","message":"Cannot set headers after they are sent to the client"}
{"level":"error","message":"Cannot set headers after they are sent to the client"}
{"level":"error","message":"Cannot set headers after they are sent to the client"}
{"level":"error","message":"Cannot set headers after they are sent to the client"}
{"level":"error","message":"Cannot set headers after they are sent to the client"}
{"level":"error","message":"Cannot set headers after they are sent to the client"}
{"level":"error","message":"Cannot set headers after they are sent to the client"}
{"level":"error","message":"Cannot set headers after they are sent to the client"}
{"level":"error","message":"Cannot set headers after they are sent to the client"}
{"level":"error","message":"Cannot set headers after they are sent to the client"}
{"level":"error","message":"Cannot set headers after they are sent to the client"}
{"level":"error","message":"Cannot set headers after they are sent to the client"}
{"level":"error","message":"Cannot set headers after they are sent to the client"}
{"level":"error","message":"Cannot set headers after they are sent to the client"}
{"level":"error","message":"Cannot set headers after they are sent to the client"}
{"level":"error","message":"Cannot set headers after they are sent to the client"}
{"level":"error","message":"Cannot set headers after they are sent to the client"}
{"level":"error","message":"Cannot set headers after they are sent to the client"}
{"level":"error","message":"Cannot set headers after they are sent to the client"}
{"level":"error","message":"Cannot set headers after they are sent to the client"}
{"level":"error","message":"Cannot set headers after they are sent to the client"}
{"level":"error","message":"Cannot set headers after they are sent to the client"}
{"level":"error","message":"Cannot set headers after they are sent to the client"}
{"level":"error","message":"Cannot set headers after they are sent to the client"}
{"level":"error","message":"Cannot set headers after they are sent to the client"}
{"level":"error","message":"Cannot set headers after they are sent to the client"}
{"level":"error","message":"Cannot set headers after they are sent to the client"}
{"level":"error","message":"Cannot set properties of null (setting 'dateIn')"}
{"level":"error","message":"Cannot set properties of null (setting 'dateIn')"}
{"level":"error","message":"Cannot set properties of null (setting 'dateIn')"}
{"level":"error","message":"Cannot set properties of null (setting 'dateIn')"}
{"level":"error","message":"Cannot set properties of null (setting 'dateIn')"}
{"level":"error","message":"Cannot set properties of null (setting 'dateIn')"}
{"level":"error","message":"Cannot set properties of null (setting 'dateIn')"}
{"level":"error","message":"Cannot set properties of null (setting 'dateIn')"}
{"level":"error","message":"Cannot set properties of null (setting 'dateIn')"}
{"level":"error","message":"Cannot set properties of null (setting 'dateIn')"}
{"level":"error","message":"Cannot set properties of null (setting 'dateIn')"}
{"level":"error","message":"Cannot set properties of null (setting 'dateIn')"}
{"level":"error","message":"Cannot set properties of null (setting 'dateIn')"}
{"level":"error","message":"Cannot set properties of null (setting 'dateIn')"}
{"level":"error","message":"Cannot set properties of null (setting 'dateIn')"}
{"level":"error","message":"Cannot set properties of null (setting 'dateIn')"}
{"level":"error","message":"Cannot set properties of null (setting 'dateIn')"}
{"level":"error","message":"Cannot set properties of null (setting 'dateIn')"}
{"level":"error","message":"Cannot set properties of null (setting 'dateIn')"}
{"level":"error","message":"rental validation failed: movie.genre: Path `genre` is required."}
{"level":"error","message":"rental validation failed: movie.genre: Path `genre` is required."}
{"level":"error","message":"rental validation failed: movie.genre: Path `genre` is required."}
{"level":"error","message":"rental validation failed: movie.genre: Path `genre` is required."}
{"level":"error","message":"rental validation failed: movie.genre: Path `genre` is required."}
{"level":"error","message":"rental validation failed: movie.genre: Path `genre` is required."}
{"level":"error","message":"rental validation failed: movie.genre: Path `genre` is required."}
{"level":"error","message":"rental validation failed: movie.genre: Path `genre` is required."}
{"level":"error","message":"rental validation failed: movie.genre: Path `genre` is required."}
{"level":"error","message":"rental validation failed: movie.genre: Path `genre` is required."}
{"level":"error","message":"rental validation failed: movie.genre: Path `genre` is required."}
{"level":"error","message":"rental validation failed: movie.genre: Path `genre` is required."}
{"level":"error","message":"we have got an uncaught exception"}
{"level":"error","message":"we have got an uncaught exception"}
{"level":"error","message":"we have got an uncaught exception"}
{"level":"error","message":"we have got an uncaught exception"}
{"level":"error","message":"we have got an uncaught exception"}
{"level":"error","message":"connect ECONNREFUSED 127.0.0.1:27017"}
{"level":"error","message":"connect ECONNREFUSED 127.0.0.1:27017"}
{"level":"error","message":"connect ECONNREFUSED 127.0.0.1:27017"}
{"level":"error","message":"we have got an unhandle rejection exception"}
{"level":"error","message":"we have got an uncaught exception"}
{"level":"error","message":"we have got an uncaught exception"}
{"level":"error","message":"we have got an uncaught exception"}
{"level":"error","message":"we have got an uncaught exception"}
{"level":"error","message":"we have got an uncaught exception"}
{"level":"error","message":"we have got an uncaught exception"}
{"level":"error","message":"we have got an uncaught exception"}
{"level":"error","message":"we have got an uncaught exception"}
{"level":"error","message":"we have got an uncaught exception"}
{"level":"error","message":"we have got an uncaught exception"}
{"level":"error","message":"we have got an uncaught exception"}
{"level":"error","message":"we have got an uncaught exception"}
{"level":"error","message":"we have got an uncaught exception"}
{"level":"error","message":"we have got an uncaught exception"}
{"level":"error","message":"ti is not defined"}
{"level":"error","message":"we have got an uncaught exception"}
{"level":"error","message":"we have got an uncaught exception"}
{"level":"error","message":"we have got an uncaught exception"}
{"level":"error","message":"we have got an uncaught exception"}
{"level":"error","message":"we have got an uncaught exception"}
{"level":"error","message":"H is not defined"}
{"level":"error","message":"H is not defined"}
{"level":"error","message":"H is not defined"}
{"level":"error","message":"H is not defined"}
{"level":"error","message":"we have got an uncaught exception"}
{"level":"error","message":"H is not defined"}
{"level":"error","message":"H is not defined"}
{"level":"error","message":"H is not defined"}
{"level":"error","message":"H is not defined"}
{"level":"error","message":"H is not defined"}
{"level":"error","message":"H is not defined"}
{"level":"error","message":"we have got an uncaught exception"}
{"level":"error","message":"we have got an uncaught exception"}
{"level":"error","message":"R is not defined"}
{"level":"error","message":"R is not defined"}
{"level":"error","message":"R is not defined"}
{"level":"error","message":"R is not defined"}
{"level":"error","message":"R is not defined"}
{"level":"error","message":"R is not defined"}
{"level":"error","message":"R is not defined"}
{"level":"error","message":"search is not defined"}
{"level":"error","message":"search is not defined"}
{"level":"error","message":"we have got an uncaught exception"}
{"level":"error","message":"cons is not defined"}
{"level":"error","message":"cons is not defined"}
{"level":"error","message":"cons is not defined"}
{"level":"error","message":"cons is not defined"}
{"level":"error","message":"cons is not defined"}
{"level":"error","message":"we have got an unhandle rejection exception"}
{"level":"error","message":"rental validation failed: movie.dailyRentalRate: Path `dailyRentalRate` (34) is more than maximum allowed value (10)."}
{"level":"error","message":"we have got an unhandle rejection exception"}
{"level":"error","message":"search is not defined"}
{"level":"error","message":"search is not defined"}
{"level":"error","message":"search is not defined"}
{"level":"error","message":"search is not defined"}
{"level":"error","message":"search is not defined"}
{"level":"error","message":"search is not defined"}
{"level":"error","message":"search is not defined"}
{"level":"error","message":"search is not defined"}
{"level":"error","message":"search is not defined"}
{"level":"error","message":"search is not defined"}
{"level":"error","message":"search is not defined"}
{"level":"error","message":"search is not defined"}
{"level":"error","message":"search is not defined"}
{"level":"error","message":"search is not defined"}
{"level":"error","message":"search is not defined"}
{"level":"error","message":"search is not defined"}
{"level":"error","message":"search is not defined"}
{"level":"error","message":"search is not defined"}
{"level":"error","message":"search is not defined"}
{"level":"error","message":"search is not defined"}
{"level":"error","message":"search is not defined"}
{"level":"error","message":"search is not defined"}
{"level":"error","message":"search is not defined"}
{"level":"error","message":"search is not defined"}
{"level":"error","message":"search is not defined"}
{"level":"error","message":"search is not defined"}
{"level":"error","message":"search is not defined"}
{"level":"error","message":"search is not defined"}
{"level":"error","message":"search is not defined"}
{"level":"error","message":"search is not defined"}
{"level":"error","message":"search is not defined"}
{"level":"error","message":"search is not defined"}
{"level":"error","message":"search is not defined"}
{"level":"error","message":"we have got an uncaught exception"}
{"level":"error","message":"we have got an uncaught exception"}
{"level":"error","message":"we have got an uncaught exception"}
{"level":"error","message":"we have got an uncaught exception"}
{"level":"error","message":"we have got an uncaught exception"}
{"level":"error","message":"we have got an uncaught exception"}
{"level":"error","message":"we have got an uncaught exception"}
{"level":"error","message":"limit is not defined"}
{"level":"error","message":"limit is not defined"}
{"level":"error","message":"limit is not defined"}
{"level":"error","message":"limit is not defined"}
{"level":"error","message":"limit is not defined"}
{"level":"error","message":"limit is not defined"}
{"level":"error","message":"limit is not defined"}
{"level":"error","message":"limit is not defined"}
{"level":"error","message":"we have got an uncaught exception"}
{"level":"error","message":"we have got an uncaught exception"}
{"level":"error","message":"we have got an uncaught exception"}
{"level":"error","message":"we have got an uncaught exception"}
{"level":"error","message":"Cannot destructure property 'path' of 'sortColumn' as it is undefined."}
{"level":"error","message":"Cannot destructure property 'path' of 'sortColumn' as it is undefined."}
{"level":"error","message":"Cannot destructure property 'path' of 'sortColumn' as it is undefined."}
{"level":"error","message":"Cannot destructure property 'path' of 'sortColumn' as it is undefined."}
{"level":"error","message":"Cannot destructure property 'path' of 'sortColumn' as it is undefined."}
{"level":"error","message":"Cannot destructure property 'path' of 'sortColumn' as it is undefined."}
{"level":"error","message":"Cannot destructure property 'path' of 'sortColumn' as it is undefined."}
{"level":"error","message":"Cannot destructure property 'path' of 'sortColumn' as it is undefined."}
{"level":"error","message":"Cannot destructure property 'path' of 'sortColumn' as it is undefined."}
{"level":"error","message":"Cannot destructure property 'path' of 'sortColumn' as it is undefined."}
{"level":"error","message":"Cannot destructure property 'path' of 'sortColumn' as it is undefined."}
{"level":"error","message":"Cannot destructure property 'path' of 'sortColumn' as it is undefined."}
{"level":"error","message":"Cannot destructure property 'path' of 'sortColumn' as it is undefined."}
{"level":"error","message":"Cannot destructure property 'path' of 'sortColumn' as it is undefined."}
{"level":"error","message":"Cannot destructure property 'path' of 'sortColumn' as it is undefined."}
{"level":"error","message":"Cannot destructure property 'path' of 'sortColumn' as it is undefined."}
{"level":"error","message":"Cannot destructure property 'path' of 'sortColumn' as it is undefined."}
{"level":"error","message":"Cannot destructure property 'path' of 'sortColumn' as it is undefined."}
{"level":"error","message":"Cannot destructure property 'path' of 'sortColumn' as it is undefined."}
{"level":"error","message":"Cannot destructure property 'path' of 'sortColumn' as it is undefined."}
{"level":"error","message":"Cannot destructure property 'path' of 'sortColumn' as it is undefined."}
{"level":"error","message":"Cannot destructure property 'path' of 'sortColumn' as it is undefined."}
{"level":"error","message":"Cannot destructure property 'path' of 'sortColumn' as it is undefined."}
{"level":"error","message":"we have got an uncaught exception"}
{"level":"error","message":"we have got an uncaught exception"}
{"level":"error","message":"we have got an uncaught exception"}
{"level":"error","message":"we have got an uncaught exception"}
{"level":"error","message":"we have got an uncaught exception"}
{"level":"error","message":"we have got an uncaught exception"}
{"level":"error","message":"we have got an uncaught exception"}
{"level":"error","message":"we have got an uncaught exception"}
{"level":"error","message":"we have got an uncaught exception"}
{"level":"error","message":"we have got an uncaught exception"}
{"level":"error","message":"we have got an uncaught exception"}
{"level":"error","message":"we have got an uncaught exception"}
{"level":"error","message":"we have got an uncaught exception"}
{"level":"error","message":"we have got an uncaught exception"}
{"level":"error","message":"we have got an uncaught exception"}
{"level":"error","message":"we have got an uncaught exception"}
{"level":"error","message":"we have got an uncaught exception"}
{"level":"error","message":"we have got an uncaught exception"}
{"level":"error","message":"we have got an uncaught exception"}
{"level":"error","message":"we have got an uncaught exception"}
{"level":"error","message":"we have got an uncaught exception"}
{"level":"error","message":"we have got an uncaught exception"}
{"level":"error","message":"we have got an uncaught exception"}
{"level":"error","message":"genre is not defined"}
{"level":"error","message":"Schema hasn't been registered for model \"Genre\".\nUse mongoose.model(name, schema)"}
{"level":"error","message":"we have got an uncaught exception"}
{"level":"error","message":"we have got an uncaught exception"}
